Using pre-set license
Built from '2020.3/release' branch; Version is '2020.3.2f1 (8fd9074bf66c) revision 9427207'; Using compiler version '192528614'; Build Type 'Release'
OS: 'Windows 10 Home; OS build 19041.867; Version 2004; 64bit' Language: 'en' Physical Memory: 8066 MB
BatchMode: 1, IsHumanControllingUs: 0, StartBugReporterOnCrash: 0, Is64bit: 1, IsPro: 0

 COMMAND LINE ARGUMENTS:
C:\Program Files\Unity\Hub\Editor\2020.3.2f1\Editor\Unity.exe
-adb2
-batchMode
-noUpm
-name
AssetImportWorker0
-projectPath
C:/Users/emily/Downloads/HackathonWildLife-master/HackathonWildLife-master/New Unity Project (1)
-logFile
Logs/AssetImportWorker0.log
-srvPort
54010
Successfully changed project path to: C:/Users/emily/Downloads/HackathonWildLife-master/HackathonWildLife-master/New Unity Project (1)
C:/Users/emily/Downloads/HackathonWildLife-master/HackathonWildLife-master/New Unity Project (1)
Using Asset Import Pipeline V2.
Refreshing native plugins compatible for Editor in 100.27 ms, found 1 plugins.
Preloading 0 native plugins for Editor in 0.00 ms.
Initialize engine version: 2020.3.2f1 (8fd9074bf66c)
[Subsystems] Discovering subsystems at path C:/Program Files/Unity/Hub/Editor/2020.3.2f1/Editor/Data/Resources/UnitySubsystems
[Subsystems] Discovering subsystems at path C:/Users/emily/Downloads/HackathonWildLife-master/HackathonWildLife-master/New Unity Project (1)/Assets
GfxDevice: creating device client; threaded=0
Direct3D:
    Version:  Direct3D 11.0 [level 11.1]
    Renderer: Intel(R) UHD Graphics 620 (ID=0x5917)
    Vendor:   
    VRAM:     4033 MB
    Driver:   25.20.100.6577
Initialize mono
Mono path[0] = 'C:/Program Files/Unity/Hub/Editor/2020.3.2f1/Editor/Data/Managed'
Mono path[1] = 'C:/Program Files/Unity/Hub/Editor/2020.3.2f1/Editor/Data/MonoBleedingEdge/lib/mono/unityjit'
Mono config path = 'C:/Program Files/Unity/Hub/Editor/2020.3.2f1/Editor/Data/MonoBleedingEdge/etc'
Using monoOptions --debugger-agent=transport=dt_socket,embedding=1,server=y,suspend=n,address=127.0.0.1:56172
Begin MonoManager ReloadAssembly
Registering precompiled unity dll's ...
Register platform support module: C:/Program Files/Unity/Hub/Editor/2020.3.2f1/Editor/Data/PlaybackEngines/WebGLSupport/UnityEditor.WebGL.Extensions.dll
Register platform support module: C:/Program Files/Unity/Hub/Editor/2020.3.2f1/Editor/Data/PlaybackEngines/WindowsStandaloneSupport/UnityEditor.WindowsStandalone.Extensions.dll
Registered in 0.029935 seconds.
Native extension for WindowsStandalone target not found
Native extension for WebGL target not found
Refreshing native plugins compatible for Editor in 62.14 ms, found 1 plugins.
Preloading 0 native plugins for Editor in 0.00 ms.
Invoked RoslynAnalysisRunner static constructor.
RoslynAnalysisRunner will not be running.
RoslynAnalysisRunner has terminated.
Mono: successfully reloaded assembly
- Completed reload, in  3.488 seconds
Platform modules already initialized, skipping
Registering precompiled user dll's ...
Registered in 0.004982 seconds.
Begin MonoManager ReloadAssembly
Native extension for WindowsStandalone target not found
Native extension for WebGL target not found
Refreshing native plugins compatible for Editor in 153.98 ms, found 1 plugins.
Preloading 0 native plugins for Editor in 0.00 ms.
Invoked RoslynAnalysisRunner static constructor.
RoslynAnalysisRunner will not be running.
RoslynAnalysisRunner has terminated.
Mono: successfully reloaded assembly
- Completed reload, in  2.325 seconds
Platform modules already initialized, skipping
========================================================================
Worker process is ready to serve import requests
Launched and connected shader compiler UnityShaderCompiler.exe after 0.26 seconds
Refreshing native plugins compatible for Editor in 0.49 ms, found 1 plugins.
Preloading 0 native plugins for Editor in 0.00 ms.
Unloading 1829 Unused Serialized files (Serialized files now loaded: 0)
System memory in use before: 100.2 MB.
System memory in use after: 100.2 MB.

Unloading 23 unused Assets to reduce memory usage. Loaded Objects now: 2291.
Total: 3.270700 ms (FindLiveObjects: 0.291000 ms CreateObjectMapping: 0.113600 ms MarkObjects: 2.672900 ms  DeleteObjects: 0.191200 ms)

========================================================================
Received Import Request.
  path: Assets/Scripts/ObstacleManager.cs
  artifactKey: Guid(deffd2f52a34d4c44973fdfb34d6d70a) Importer(815301076,1909f56bfc062723c751e8b465ee728b)
Start importing Assets/Scripts/ObstacleManager.cs using Guid(deffd2f52a34d4c44973fdfb34d6d70a) Importer(815301076,1909f56bfc062723c751e8b465ee728b)  -> (artifact id: '85aedd22ea1da2981bb74275ce0c2023') in 0.057068 seconds
  Import took 0.064096 seconds .

========================================================================
Received Import Request.
  Time since last request: 968.005587 seconds.
  path: Assets/Scripts/ObstacleManager.cs
  artifactKey: Guid(deffd2f52a34d4c44973fdfb34d6d70a) Importer(815301076,1909f56bfc062723c751e8b465ee728b)
Start importing Assets/Scripts/ObstacleManager.cs using Guid(deffd2f52a34d4c44973fdfb34d6d70a) Importer(815301076,1909f56bfc062723c751e8b465ee728b)  -> (artifact id: 'b02fd1adc6e90e05734c9d8c0ce155c7') in 0.009881 seconds
  Import took 0.016108 seconds .

========================================================================
Received Import Request.
  Time since last request: 2.023106 seconds.
  path: Assets/Scripts/ObstacleManager.cs
  artifactKey: Guid(deffd2f52a34d4c44973fdfb34d6d70a) Importer(815301076,1909f56bfc062723c751e8b465ee728b)
Start importing Assets/Scripts/ObstacleManager.cs using Guid(deffd2f52a34d4c44973fdfb34d6d70a) Importer(815301076,1909f56bfc062723c751e8b465ee728b)  -> (artifact id: 'f2eadb44c2901f0219518f5d2922ab8a') in 0.006901 seconds
  Import took 0.012634 seconds .

========================================================================
Received Prepare
Registering precompiled user dll's ...
Registered in 0.005140 seconds.
Begin MonoManager ReloadAssembly
Native extension for WindowsStandalone target not found
Native extension for WebGL target not found
Refreshing native plugins compatible for Editor in 0.56 ms, found 1 plugins.
Preloading 0 native plugins for Editor in 0.00 ms.
Invoked RoslynAnalysisRunner static constructor.
RoslynAnalysisRunner will not be running.
RoslynAnalysisRunner has terminated.
Mono: successfully reloaded assembly
- Completed reload, in  1.773 seconds
Platform modules already initialized, skipping
Refreshing native plugins compatible for Editor in 0.49 ms, found 1 plugins.
Preloading 0 native plugins for Editor in 0.00 ms.
Unloading 1811 Unused Serialized files (Serialized files now loaded: 0)
System memory in use before: 98.9 MB.
System memory in use after: 98.9 MB.

Unloading 12 unused Assets to reduce memory usage. Loaded Objects now: 2295.
Total: 4.397400 ms (FindLiveObjects: 0.279800 ms CreateObjectMapping: 0.127200 ms MarkObjects: 3.767200 ms  DeleteObjects: 0.221300 ms)

========================================================================
Received Import Request.
  Time since last request: 7.379539 seconds.
  path: Assets/Scripts/ObstacleManager.cs
  artifactKey: Guid(deffd2f52a34d4c44973fdfb34d6d70a) Importer(815301076,1909f56bfc062723c751e8b465ee728b)
Start importing Assets/Scripts/ObstacleManager.cs using Guid(deffd2f52a34d4c44973fdfb34d6d70a) Importer(815301076,1909f56bfc062723c751e8b465ee728b)  -> (artifact id: 'd016fe94a1e1544a65d432ccbec5a7e7') in 0.008036 seconds
  Import took 0.013715 seconds .

========================================================================
Received Prepare
Registering precompiled user dll's ...
Registered in 0.001937 seconds.
Begin MonoManager ReloadAssembly
Native extension for WindowsStandalone target not found
Native extension for WebGL target not found
Refreshing native plugins compatible for Editor in 0.55 ms, found 1 plugins.
Preloading 0 native plugins for Editor in 0.00 ms.
Invoked RoslynAnalysisRunner static constructor.
RoslynAnalysisRunner will not be running.
RoslynAnalysisRunner has terminated.
Mono: successfully reloaded assembly
- Completed reload, in  1.670 seconds
Platform modules already initialized, skipping
Refreshing native plugins compatible for Editor in 0.44 ms, found 1 plugins.
Preloading 0 native plugins for Editor in 0.00 ms.
Unloading 1811 Unused Serialized files (Serialized files now loaded: 0)
System memory in use before: 99.0 MB.
System memory in use after: 99.0 MB.

Unloading 12 unused Assets to reduce memory usage. Loaded Objects now: 2299.
Total: 2.841200 ms (FindLiveObjects: 0.289100 ms CreateObjectMapping: 0.111700 ms MarkObjects: 2.290900 ms  DeleteObjects: 0.147300 ms)

========================================================================
Received Import Request.
  Time since last request: 6.825890 seconds.
  path: Assets/Scripts/ObstacleManager.cs
  artifactKey: Guid(deffd2f52a34d4c44973fdfb34d6d70a) Importer(815301076,1909f56bfc062723c751e8b465ee728b)
Start importing Assets/Scripts/ObstacleManager.cs using Guid(deffd2f52a34d4c44973fdfb34d6d70a) Importer(815301076,1909f56bfc062723c751e8b465ee728b)  -> (artifact id: 'f82f300d0cfb177a101f46c67f993dbd') in 0.012035 seconds
  Import took 0.019149 seconds .

========================================================================
Received Prepare
Registering precompiled user dll's ...
Registered in 0.002063 seconds.
Begin MonoManager ReloadAssembly
Native extension for WindowsStandalone target not found
Native extension for WebGL target not found
Refreshing native plugins compatible for Editor in 0.62 ms, found 1 plugins.
Preloading 0 native plugins for Editor in 0.00 ms.
Invoked RoslynAnalysisRunner static constructor.
RoslynAnalysisRunner will not be running.
RoslynAnalysisRunner has terminated.
Mono: successfully reloaded assembly
- Completed reload, in  1.571 seconds
Platform modules already initialized, skipping
Refreshing native plugins compatible for Editor in 0.47 ms, found 1 plugins.
Preloading 0 native plugins for Editor in 0.00 ms.
Unloading 1811 Unused Serialized files (Serialized files now loaded: 0)
System memory in use before: 99.0 MB.
System memory in use after: 99.0 MB.

Unloading 12 unused Assets to reduce memory usage. Loaded Objects now: 2303.
Total: 3.104100 ms (FindLiveObjects: 0.358300 ms CreateObjectMapping: 0.145100 ms MarkObjects: 2.439200 ms  DeleteObjects: 0.159500 ms)

========================================================================
Received Import Request.
  Time since last request: 9.791298 seconds.
  path: Assets/Scripts/ObstacleManager.cs
  artifactKey: Guid(deffd2f52a34d4c44973fdfb34d6d70a) Importer(815301076,1909f56bfc062723c751e8b465ee728b)
Start importing Assets/Scripts/ObstacleManager.cs using Guid(deffd2f52a34d4c44973fdfb34d6d70a) Importer(815301076,1909f56bfc062723c751e8b465ee728b)  -> (artifact id: 'c9fb28bc429dd25ddee0325245ee470c') in 0.011159 seconds
  Import took 0.022985 seconds .

========================================================================
Received Prepare
Registering precompiled user dll's ...
Registered in 0.002029 seconds.
Begin MonoManager ReloadAssembly
Native extension for WindowsStandalone target not found
Native extension for WebGL target not found
Refreshing native plugins compatible for Editor in 0.49 ms, found 1 plugins.
Preloading 0 native plugins for Editor in 0.00 ms.
Invoked RoslynAnalysisRunner static constructor.
RoslynAnalysisRunner will not be running.
RoslynAnalysisRunner has terminated.
Mono: successfully reloaded assembly
- Completed reload, in  1.559 seconds
Platform modules already initialized, skipping
Refreshing native plugins compatible for Editor in 0.50 ms, found 1 plugins.
Preloading 0 native plugins for Editor in 0.00 ms.
Unloading 1811 Unused Serialized files (Serialized files now loaded: 0)
System memory in use before: 99.0 MB.
System memory in use after: 99.0 MB.

Unloading 12 unused Assets to reduce memory usage. Loaded Objects now: 2307.
Total: 3.155900 ms (FindLiveObjects: 0.388700 ms CreateObjectMapping: 0.143800 ms MarkObjects: 2.455400 ms  DeleteObjects: 0.166300 ms)

========================================================================
Received Import Request.
  Time since last request: 6.712798 seconds.
  path: Assets/Scripts/ObstacleManager.cs
  artifactKey: Guid(deffd2f52a34d4c44973fdfb34d6d70a) Importer(815301076,1909f56bfc062723c751e8b465ee728b)
Start importing Assets/Scripts/ObstacleManager.cs using Guid(deffd2f52a34d4c44973fdfb34d6d70a) Importer(815301076,1909f56bfc062723c751e8b465ee728b)  -> (artifact id: '90f890001a8426cb8bfa57bee54b3328') in 0.007825 seconds
  Import took 0.013790 seconds .

========================================================================
Received Prepare
Registering precompiled user dll's ...
Registered in 0.002019 seconds.
Begin MonoManager ReloadAssembly
Native extension for WindowsStandalone target not found
Native extension for WebGL target not found
Refreshing native plugins compatible for Editor in 0.51 ms, found 1 plugins.
Preloading 0 native plugins for Editor in 0.00 ms.
Invoked RoslynAnalysisRunner static constructor.
RoslynAnalysisRunner will not be running.
RoslynAnalysisRunner has terminated.
Mono: successfully reloaded assembly
- Completed reload, in  2.127 seconds
Platform modules already initialized, skipping
Refreshing native plugins compatible for Editor in 1.01 ms, found 1 plugins.
Preloading 0 native plugins for Editor in 0.00 ms.
Unloading 1811 Unused Serialized files (Serialized files now loaded: 0)
System memory in use before: 99.0 MB.
System memory in use after: 99.0 MB.

Unloading 12 unused Assets to reduce memory usage. Loaded Objects now: 2311.
Total: 3.537200 ms (FindLiveObjects: 0.462400 ms CreateObjectMapping: 0.172900 ms MarkObjects: 2.699900 ms  DeleteObjects: 0.199800 ms)

========================================================================
Received Import Request.
  Time since last request: 6.520885 seconds.
  path: Assets/Scripts/ObstacleManager.cs
  artifactKey: Guid(deffd2f52a34d4c44973fdfb34d6d70a) Importer(815301076,1909f56bfc062723c751e8b465ee728b)
Start importing Assets/Scripts/ObstacleManager.cs using Guid(deffd2f52a34d4c44973fdfb34d6d70a) Importer(815301076,1909f56bfc062723c751e8b465ee728b)  -> (artifact id: 'a8dccd3d5bd30dae7e512c8350e29028') in 0.009416 seconds
  Import took 0.016394 seconds .

========================================================================
Received Prepare
Registering precompiled user dll's ...
Registered in 0.002015 seconds.
Begin MonoManager ReloadAssembly
Native extension for WindowsStandalone target not found
Native extension for WebGL target not found
Refreshing native plugins compatible for Editor in 1.23 ms, found 1 plugins.
Preloading 0 native plugins for Editor in 0.00 ms.
Invoked RoslynAnalysisRunner static constructor.
RoslynAnalysisRunner will not be running.
RoslynAnalysisRunner has terminated.
Mono: successfully reloaded assembly
- Completed reload, in  2.013 seconds
Platform modules already initialized, skipping
Refreshing native plugins compatible for Editor in 0.47 ms, found 1 plugins.
Preloading 0 native plugins for Editor in 0.00 ms.
Unloading 1811 Unused Serialized files (Serialized files now loaded: 0)
System memory in use before: 99.0 MB.
System memory in use after: 99.0 MB.

Unloading 12 unused Assets to reduce memory usage. Loaded Objects now: 2315.
Total: 3.154500 ms (FindLiveObjects: 0.303100 ms CreateObjectMapping: 0.160800 ms MarkObjects: 2.530800 ms  DeleteObjects: 0.156000 ms)

========================================================================
Received Import Request.
  Time since last request: 6.493590 seconds.
  path: Assets/Scripts/ObstacleManager.cs
  artifactKey: Guid(deffd2f52a34d4c44973fdfb34d6d70a) Importer(815301076,1909f56bfc062723c751e8b465ee728b)
Start importing Assets/Scripts/ObstacleManager.cs using Guid(deffd2f52a34d4c44973fdfb34d6d70a) Importer(815301076,1909f56bfc062723c751e8b465ee728b)  -> (artifact id: '0bbf8fafb118fc97b8585983d1fb3987') in 0.009855 seconds
  Import took 0.041081 seconds .

========================================================================
Received Prepare
Registering precompiled user dll's ...
Registered in 0.002177 seconds.
Begin MonoManager ReloadAssembly
Native extension for WindowsStandalone target not found
Native extension for WebGL target not found
Refreshing native plugins compatible for Editor in 0.50 ms, found 1 plugins.
Preloading 0 native plugins for Editor in 0.00 ms.
Invoked RoslynAnalysisRunner static constructor.
RoslynAnalysisRunner will not be running.
RoslynAnalysisRunner has terminated.
Mono: successfully reloaded assembly
- Completed reload, in  2.764 seconds
Platform modules already initialized, skipping
Refreshing native plugins compatible for Editor in 0.46 ms, found 1 plugins.
Preloading 0 native plugins for Editor in 0.00 ms.
Unloading 1811 Unused Serialized files (Serialized files now loaded: 0)
System memory in use before: 99.0 MB.
System memory in use after: 99.0 MB.

Unloading 12 unused Assets to reduce memory usage. Loaded Objects now: 2319.
Total: 3.632800 ms (FindLiveObjects: 0.292800 ms CreateObjectMapping: 0.135800 ms MarkObjects: 3.042600 ms  DeleteObjects: 0.159800 ms)

========================================================================
Received Prepare
Registering precompiled user dll's ...
Registered in 0.002189 seconds.
Begin MonoManager ReloadAssembly
Native extension for WindowsStandalone target not found
Native extension for WebGL target not found
Refreshing native plugins compatible for Editor in 0.49 ms, found 1 plugins.
Preloading 0 native plugins for Editor in 0.00 ms.
Invoked RoslynAnalysisRunner static constructor.
RoslynAnalysisRunner will not be running.
RoslynAnalysisRunner has terminated.
Mono: successfully reloaded assembly
- Completed reload, in  1.405 seconds
Platform modules already initialized, skipping
Refreshing native plugins compatible for Editor in 0.76 ms, found 1 plugins.
Preloading 0 native plugins for Editor in 0.00 ms.
Unloading 1811 Unused Serialized files (Serialized files now loaded: 0)
System memory in use before: 99.0 MB.
System memory in use after: 99.0 MB.

Unloading 12 unused Assets to reduce memory usage. Loaded Objects now: 2323.
Total: 3.095400 ms (FindLiveObjects: 0.216900 ms CreateObjectMapping: 0.089600 ms MarkObjects: 2.637000 ms  DeleteObjects: 0.149900 ms)

AssetImportWorkerClient::OnTransportError - code=2 error=End of file
